EXPLAIN ANALYZE 
SELECT * FROM view_join_sibling_count;

-- DATA OUTPUT:
"GroupAggregate  (cost=141.93..145.62 rows=200 width=16) (actual time=0.057..0.061 rows=4 loops=1)"
"  Group Key: sibling_counts.""No. of Siblings"""
"  ->  Sort  (cost=141.93..142.49 rows=226 width=8) (actual time=0.055..0.057 rows=27 loops=1)"
"        Sort Key: sibling_counts.""No. of Siblings"""
"        Sort Method: quicksort  Memory: 25kB"
"        ->  Subquery Scan on sibling_counts  (cost=128.57..133.09 rows=226 width=8) (actual time=0.045..0.050 rows=27 loops=1)"
"              ->  HashAggregate  (cost=128.57..130.83 rows=226 width=12) (actual time=0.044..0.048 rows=27 loops=1)"
"                    Group Key: s.id"
"                    Batches: 1  Memory Usage: 40kB"
"                    ->  Hash Right Join  (cost=6.09..105.97 rows=4520 width=8) (actual time=0.023..0.036 rows=54 loops=1)"
"                          Hash Cond: (sibling.sibling_1 = s.id)"
"                          ->  Append  (cost=0.00..87.80 rows=4520 width=4) (actual time=0.002..0.009 rows=50 loops=1)"
"                                ->  Seq Scan on sibling  (cost=0.00..32.60 rows=2260 width=4) (actual time=0.002..0.004 rows=25 loops=1)"
"                                ->  Seq Scan on sibling sibling_1  (cost=0.00..32.60 rows=2260 width=4) (actual time=0.001..0.003 rows=25 loops=1)"
"                          ->  Hash  (cost=3.26..3.26 rows=226 width=4) (actual time=0.015..0.015 rows=27 loops=1)"
"                                Buckets: 1024  Batches: 1  Memory Usage: 9kB"
"                                ->  Seq Scan on student s  (cost=0.00..3.26 rows=226 width=4) (actual time=0.008..0.010 rows=27 loops=1)"
"Planning Time: 0.159 ms"
"Execution Time: 0.091 ms"

EXPLAIN ANALYZE 
SELECT * FROM view_subquery_sibling_count;

"Sort  (cost=5104.46..5104.96 rows=201 width=16) (actual time=0.124..0.126 rows=4 loops=1)"
"  Sort Key: (count(*))"
"  Sort Method: quicksort  Memory: 25kB"
"  ->  HashAggregate  (cost=5094.76..5096.77 rows=201 width=16) (actual time=0.118..0.120 rows=4 loops=1)"
"        Group Key: (count(*)), (count(*))"
"        Batches: 1  Memory Usage: 40kB"
"        ->  Append  (cost=115.40..5093.75 rows=201 width=16) (actual time=0.034..0.117 rows=4 loops=1)"
"              ->  HashAggregate  (cost=115.40..117.40 rows=200 width=16) (actual time=0.033..0.034 rows=3 loops=1)"
"                    Group Key: count(*)"
"                    Batches: 1  Memory Usage: 40kB"
"                    ->  HashAggregate  (cost=110.40..112.40 rows=200 width=12) (actual time=0.027..0.030 rows=23 loops=1)"
"                          Group Key: sibling.sibling_1"
"                          Batches: 1  Memory Usage: 40kB"
"                          ->  Append  (cost=0.00..87.80 rows=4520 width=4) (actual time=0.007..0.015 rows=50 loops=1)"
"                                ->  Seq Scan on sibling  (cost=0.00..32.60 rows=2260 width=4) (actual time=0.007..0.009 rows=25 loops=1)"
"                                ->  Seq Scan on sibling sibling_1  (cost=0.00..32.60 rows=2260 width=4) (actual time=0.001..0.003 rows=25 loops=1)"
"              ->  Subquery Scan on ""*SELECT* 2""  (cost=4975.33..4975.35 rows=1 width=16) (actual time=0.082..0.082 rows=1 loops=1)"
"                    ->  Aggregate  (cost=4975.33..4975.34 rows=1 width=12) (actual time=0.081..0.081 rows=1 loops=1)"
"                          ->  Nested Loop Left Join  (cost=17.42..4975.21 rows=45 width=0) (actual time=0.035..0.079 rows=4 loops=1)"
"                                Filter: ((sibling_2.sibling_1 IS NULL) OR (sibling_2.sibling_2 IS NULL))"
"                                Rows Removed by Filter: 50"
"                                ->  Seq Scan on student  (cost=0.00..3.26 rows=226 width=4) (actual time=0.002..0.005 rows=27 loops=1)"
"                                ->  Bitmap Heap Scan on sibling sibling_2  (cost=17.42..21.77 rows=23 width=8) (actual time=0.002..0.002 rows=2 loops=27)"
"                                      Recheck Cond: ((student.id = sibling_1) OR (student.id = sibling_2))"
"                                      Heap Blocks: exact=23"
"                                      ->  BitmapOr  (cost=17.42..17.42 rows=23 width=0) (actual time=0.001..0.001 rows=0 loops=27)"
"                                            ->  Bitmap Index Scan on siblings_pkey  (cost=0.00..0.27 rows=11 width=0) (actual time=0.001..0.001 rows=1 loops=27)"
"                                                  Index Cond: (sibling_1 = student.id)"
"                                            ->  Bitmap Index Scan on siblings_pkey  (cost=0.00..17.14 rows=11 width=0) (actual time=0.000..0.000 rows=1 loops=27)"
"                                                  Index Cond: (sibling_2 = student.id)"
"Planning Time: 0.189 ms"
"Execution Time: 0.177 ms"
